#
# There is insufficient memory for the Java Runtime Environment to continue.
# Native memory allocation (mmap) failed to map 536870912 bytes for G1 virtual space
# Possible reasons:
#   The system is out of physical RAM or swap space
#   The process is running with CompressedOops enabled, and the Java Heap may be blocking the growth of the native heap
# Possible solutions:
#   Reduce memory load on the system
#   Increase physical memory or swap space
#   Check if swap backing store is full
#   Decrease Java heap size (-Xmx/-Xms)
#   Decrease number of Java threads
#   Decrease Java thread stack sizes (-Xss)
#   Set larger code cache with -XX:ReservedCodeCacheSize=
#   JVM is running with Zero Based Compressed Oops mode in which the Java heap is
#     placed in the first 32GB address space. The Java Heap base address is the
#     maximum limit for the native heap growth. Please use -XX:HeapBaseMinAddress
#     to set the Java Heap base and to place the Java Heap above 32GB virtual address.
# This output file may be truncated or incomplete.
#
#  Out of Memory Error (os_windows.cpp:3469), pid=32604, tid=31884
#
# JRE version:  (17.0.1+12) (build )
# Java VM: Java HotSpot(TM) 64-Bit Server VM (17.0.1+12-LTS-39, mixed mode, emulated-client, sharing, tiered, compressed oops, compressed class ptrs, g1 gc, windows-amd64)
# No core dump will be written. Minidumps are not enabled by default on client versions of Windows
#

---------------  S U M M A R Y ------------

Command Line: -XX:TieredStopAtLevel=1 -Dfile.encoding=windows-1252 -Duser.country=US -Duser.language=en -Duser.variant com.mindex.challenge.ChallengeApplication

Host: AMD Ryzen 9 3950X 16-Core Processor            , 32 cores, 31G,  Windows 10 , 64 bit Build 19041 (10.0.19041.3031)
Time: Sun Jul  2 14:59:30 2023 Eastern Daylight Time elapsed time: 0.007686 seconds (0d 0h 0m 0s)

---------------  T H R E A D  ---------------

Current thread (0x000002695219b7f0):  JavaThread "Unknown thread" [_thread_in_vm, id=31884, stack(0x000000af99300000,0x000000af99400000)]

Stack: [0x000000af99300000,0x000000af99400000]
Native frames: (J=compiled Java code, j=interpreted, Vv=VM code, C=native code)
V  [jvm.dll+0x66fa1a]
V  [jvm.dll+0x7ce5a4]
V  [jvm.dll+0x7cfd4e]
V  [jvm.dll+0x7d03b3]
V  [jvm.dll+0x242b05]
V  [jvm.dll+0x66ca39]
V  [jvm.dll+0x661502]
V  [jvm.dll+0x30081b]
V  [jvm.dll+0x307da6]
V  [jvm.dll+0x357a1e]
V  [jvm.dll+0x357c4f]
V  [jvm.dll+0x2d7ad8]
V  [jvm.dll+0x2d8a44]
V  [jvm.dll+0x7a01e1]
V  [jvm.dll+0x365791]
V  [jvm.dll+0x77f6cc]
V  [jvm.dll+0x3e812f]
V  [jvm.dll+0x3e9bd1]
C  [jli.dll+0x527b]
C  [ucrtbase.dll+0x21bb2]
C  [KERNEL32.DLL+0x17614]
C  [ntdll.dll+0x526f1]


---------------  P R O C E S S  ---------------

Threads class SMR info:
_java_thread_list=0x00007ffa54f87818, length=0, elements={
}

Java Threads: ( => current thread )

Other Threads:
  0x0000026954546150 GCTaskThread "GC Thread#0" [stack: 0x000000af99400000,0x000000af99500000] [id=35192]
  0x00000269544eac40 ConcurrentGCThread "G1 Main Marker" [stack: 0x000000af99500000,0x000000af99600000] [id=32964]
  0x0000026954558650 ConcurrentGCThread "G1 Conc#0" [stack: 0x000000af99600000,0x000000af99700000] [id=26604]

[error occurred during error reporting (printing all threads), id 0xc0000005, EXCEPTION_ACCESS_VIOLATION (0xc0000005) at pc=0x00007ffa547d84b7]

VM state: not at safepoint (not fully initialized)

VM Mutex/Monitor currently owned by a thread:  ([mutex/lock_event])
[0x00000269544cd760] Heap_lock - owner thread: 0x000002695219b7f0

Heap address: 0x0000000600c00000, size: 8180 MB, Compressed Oops mode: Zero based, Oop shift amount: 3

CDS archive(s) mapped at: [0x0000000000000000-0x0000000000000000-0x0000000000000000), size 0, SharedBaseAddress: 0x0000000800000000, ArchiveRelocationMode: 0.
Narrow klass base: 0x0000000000000000, Narrow klass shift: 0, Narrow klass range: 0x0

GC Precious Log:
<Empty>

Heap:
 garbage-first heap   total 0K, used 0K [0x0000000600c00000, 0x0000000800000000)
  region size 4096K, 0 young (0K), 0 survivors (0K)

[error occurred during error reporting (printing heap information), id 0xc0000005, EXCEPTION_ACCESS_VIOLATION (0xc0000005) at pc=0x00007ffa54bb8d89]

GC Heap History (0 events):
No events

Deoptimization events (0 events):
No events

Classes unloaded (0 events):
No events

Classes redefined (0 events):
No events

Internal exceptions (0 events):
No events

VM Operations (0 events):
No events

Events (1 events):
Event: 0.004 Loaded shared library C:\Program Files\Java\jdk-17.0.1\bin\java.dll


Dynamic libraries:
0x00007ff6ab130000 - 0x00007ff6ab140000 	C:\Program Files\Java\jdk-17.0.1\bin\java.exe
0x00007ffae3ed0000 - 0x00007ffae40c8000 	C:\WINDOWS\SYSTEM32\ntdll.dll
0x00007ffae36b0000 - 0x00007ffae376f000 	C:\WINDOWS\System32\KERNEL32.DLL
0x00007ffae18b0000 - 0x00007ffae1ba6000 	C:\WINDOWS\System32\KERNELBASE.dll
0x00007ffae1700000 - 0x00007ffae1800000 	C:\WINDOWS\System32\ucrtbase.dll
0x00007ffab36d0000 - 0x00007ffab36e8000 	C:\Program Files\Java\jdk-17.0.1\bin\jli.dll
0x00007ffab2270000 - 0x00007ffab228a000 	C:\Program Files\Java\jdk-17.0.1\bin\VCRUNTIME140.dll
0x00007ffae3060000 - 0x00007ffae310f000 	C:\WINDOWS\System32\ADVAPI32.dll
0x00007ffae3770000 - 0x00007ffae380e000 	C:\WINDOWS\System32\msvcrt.dll
0x00007ffae2460000 - 0x00007ffae24fc000 	C:\WINDOWS\System32\sechost.dll
0x00007ffae22a0000 - 0x00007ffae23c6000 	C:\WINDOWS\System32\RPCRT4.dll
0x00007ffae3a10000 - 0x00007ffae3bad000 	C:\WINDOWS\System32\USER32.dll
0x00007ffae1d10000 - 0x00007ffae1d32000 	C:\WINDOWS\System32\win32u.dll
0x00007ffae2e40000 - 0x00007ffae2e6c000 	C:\WINDOWS\System32\GDI32.dll
0x00007ffad54b0000 - 0x00007ffad574a000 	C:\WINDOWS\WinSxS\amd64_microsoft.windows.common-controls_6595b64144ccf1df_6.0.19041.1110_none_60b5254171f9507e\COMCTL32.dll
0x00007ffae15b0000 - 0x00007ffae16c5000 	C:\WINDOWS\System32\gdi32full.dll
0x00007ffae1bb0000 - 0x00007ffae1c4d000 	C:\WINDOWS\System32\msvcp_win.dll
0x00007ffadbea0000 - 0x00007ffadbeaa000 	C:\WINDOWS\SYSTEM32\VERSION.dll
0x00007ffae3930000 - 0x00007ffae3960000 	C:\WINDOWS\System32\IMM32.DLL
0x00007ffabdb10000 - 0x00007ffabdb1c000 	C:\Program Files\Java\jdk-17.0.1\bin\vcruntime140_1.dll
0x00007ffaa0980000 - 0x00007ffaa0a0d000 	C:\Program Files\Java\jdk-17.0.1\bin\msvcp140.dll
0x00007ffa544f0000 - 0x00007ffa550ae000 	C:\Program Files\Java\jdk-17.0.1\bin\server\jvm.dll
0x00007ffae2450000 - 0x00007ffae2458000 	C:\WINDOWS\System32\PSAPI.DLL
0x00007ffada550000 - 0x00007ffada577000 	C:\WINDOWS\SYSTEM32\WINMM.dll
0x00007ffac43f0000 - 0x00007ffac43f9000 	C:\WINDOWS\SYSTEM32\WSOCK32.dll
0x00007ffae2e70000 - 0x00007ffae2edb000 	C:\WINDOWS\System32\WS2_32.dll
0x00007ffadf440000 - 0x00007ffadf452000 	C:\WINDOWS\SYSTEM32\kernel.appcore.dll
0x00007ffaba560000 - 0x00007ffaba56a000 	C:\Program Files\Java\jdk-17.0.1\bin\jimage.dll
0x00007ffad5a10000 - 0x00007ffad5bf4000 	C:\WINDOWS\SYSTEM32\DBGHELP.DLL
0x00007ffac86c0000 - 0x00007ffac86f4000 	C:\WINDOWS\SYSTEM32\dbgcore.DLL
0x00007ffae1ea0000 - 0x00007ffae1f22000 	C:\WINDOWS\System32\bcryptPrimitives.dll
0x00007ffaa8670000 - 0x00007ffaa8695000 	C:\Program Files\Java\jdk-17.0.1\bin\java.dll

dbghelp: loaded successfully - version: 4.0.5 - missing functions: none
symbol engine: initialized successfully - sym options: 0x614 - pdb path: .;C:\Program Files\Java\jdk-17.0.1\bin;C:\WINDOWS\SYSTEM32;C:\WINDOWS\WinSxS\amd64_microsoft.windows.common-controls_6595b64144ccf1df_6.0.19041.1110_none_60b5254171f9507e;C:\Program Files\Java\jdk-17.0.1\bin\server

VM Arguments:
jvm_args: -XX:TieredStopAtLevel=1 -Dfile.encoding=windows-1252 -Duser.country=US -Duser.language=en -Duser.variant 
java_command: com.mindex.challenge.ChallengeApplication
java_class_path (initial): C:\Users\Brendan\IdeaProjects\mindex-tutorial\build\classes\java\main;C:\Users\Brendan\IdeaProjects\mindex-tutorial\build\resources\main;C:\Users\Brendan\.gradle\caches\modules-2\files-2.1\org.springframework.boot\spring-boot-starter-web\2.2.0.RELEASE\a63661766218b06e540e58f7f3d4cf64278af92c\spring-boot-starter-web-2.2.0.RELEASE.jar;C:\Users\Brendan\.gradle\caches\modules-2\files-2.1\org.springframework.boot\spring-boot-starter-data-mongodb\2.2.0.RELEASE\c6cec931c76070b4b6ca28c5bb33a869641309bf\spring-boot-starter-data-mongodb-2.2.0.RELEASE.jar;C:\Users\Brendan\.gradle\caches\modules-2\files-2.1\de.bwaldvogel\mongo-java-server\1.25.0\1fc0f0285072eb1bfebc42493b612398589c883d\mongo-java-server-1.25.0.jar;C:\Users\Brendan\.gradle\caches\modules-2\files-2.1\org.springframework.boot\spring-boot-starter-json\2.2.0.RELEASE\72459189c5a602f1e651c8e2a4547889dc691139\spring-boot-starter-json-2.2.0.RELEASE.jar;C:\Users\Brendan\.gradle\caches\modules-2\files-2.1\org.springframework.boot\spring-boot-starter-validation\2.2.0.RELEASE\ab315d2930808b87908be42e19f64a1d5afbb012\spring-boot-starter-validation-2.2.0.RELEASE.jar;C:\Users\Brendan\.gradle\caches\modules-2\files-2.1\org.springframework.boot\spring-boot-starter\2.2.0.RELEASE\47b669895fc0e5bb8e5a54b7171029223f899cde\spring-boot-starter-2.2.0.RELEASE.jar;C:\Users\Brendan\.gradle\caches\modules-2\files-2.1\org.springframework.boot\spring-boot-starter-tomcat\2.2.0.RELEASE\e305bc0fec134a639c10c9d48885db88951ea318\spring-boot-starter-tomcat-2.2.0.RELEASE.jar;C:\Users\Brendan\.gradle\caches\modules-2\files-2.1\org.springframework\spring-webmvc\5.2.0.RELEASE\652abc943904d67504dc822197868cafaa5e56b5\spring-webmvc-5.2.0.RELEASE.jar;C:\Users\Brendan\.gradle\caches\modules-2\files-2.1\org.springframework\spring-web\5.2.0.RELEASE\d5b064196dc014519e751df549b4cc6a753fb191\spring-web-5.2.0.RELEASE.jar;C:\Users\Brendan\.gradle\caches\modules-2\files-2.1\org.mongodb\mongodb-driver\3.11.1\e05980265461daaf7905db90bb3
Launcher Type: SUN_STANDARD

[Global flags]
     intx CICompilerCount                          = 15                                        {product} {ergonomic}
     uint ConcGCThreads                            = 6                                         {product} {ergonomic}
     uint G1ConcRefinementThreads                  = 23                                        {product} {ergonomic}
   size_t G1HeapRegionSize                         = 4194304                                   {product} {ergonomic}
    uintx GCDrainStackTargetSize                   = 64                                        {product} {ergonomic}
   size_t InitialHeapSize                          = 536870912                                 {product} {ergonomic}
   size_t MarkStackSize                            = 4194304                                   {product} {ergonomic}
   size_t MaxHeapSize                              = 8577351680                                {product} {ergonomic}
   size_t MinHeapDeltaBytes                        = 4194304                                   {product} {ergonomic}
   size_t MinHeapSize                              = 8388608                                   {product} {ergonomic}
    uintx NonProfiledCodeHeapSize                  = 0                                      {pd product} {ergonomic}
     bool ProfileInterpreter                       = false                                  {pd product} {command line}
    uintx ProfiledCodeHeapSize                     = 0                                      {pd product} {ergonomic}
   size_t SoftMaxHeapSize                          = 8577351680                             {manageable} {ergonomic}
     intx TieredStopAtLevel                        = 1                                         {product} {command line}
     bool UseCompressedClassPointers               = true                           {product lp64_product} {ergonomic}
     bool UseCompressedOops                        = true                           {product lp64_product} {ergonomic}
     bool UseG1GC                                  = true                                      {product} {ergonomic}
     bool UseLargePagesIndividualAllocation        = false                                  {pd product} {ergonomic}

Logging:
Log output configuration:
 #0: stdout all=warning uptime,level,tags
 #1: stderr all=off uptime,level,tags

Environment Variables:
JAVA_HOME=C:\Program Files\Java\jdk-17.0.1
PATH=C:\Program Files\Common Files\Oracle\Java\javapath;C:\Program Files (x86)\Common Files\Oracle\Java\javapath;C:\ProgramData\Oracle\Java\javapath;C:\Windows\system32;C:\Windows;C:\Windows\System32\Wbem;C:\Windows\System32\WindowsPowerShell\v1.0\;C:\Program Files (x86)\NVIDIA Corporation\PhysX\Common;C:\Users\Brendan\Desktop\envpath;C:\Program Files\Java\jdk1.8.0_131/bin;C:\WINDOWS\system32;C:\WINDOWS;C:\WINDOWS\System32\Wbem;C:\WINDOWS\System32\WindowsPowerShell\v1.0\;C:\Program Files\MySQL\MySQL Utilities 1.6\;E:\Program Files\;C:\WINDOWS\System32\OpenSSH\;C:\Windows\Microsoft.NET\Framework64\v4.0.30319;C:\Users\Brendan\Desktop\mysql-5.7.19-winx64\bin;C:\Program Files\dotnet\;C:\Program Files\Git\cmd;C:\Program Files\NVIDIA Corporation\NVIDIA NvDLISR;C:\Program Files\Amazon\AWSCLI\bin\;C:\WINDOWS\system32;C:\WINDOWS;C:\WINDOWS\System32\Wbem;C:\WINDOWS\System32\WindowsPowerShell\v1.0\;C:\WINDOWS\System32\OpenSSH\;C:\Program Files (x86)\Calibre2\;C:\Program Files\PuTTY\;C:\ProgramData\chocolatey\bin;;C:\Program Files\Docker\Docker\resources\bin;C:\ProgramData\DockerDesktop\version-bin;C:\Program Files\Go\bin;C:\Users\Brendan\scoop\shims;C:\Users\Brendan\AppData\Local\Programs\Python\Python39\Scripts\;C:\Users\Brendan\AppData\Local\Programs\Python\Python39\;C:\Users\Brendan\AppData\Local\Microsoft\WindowsApps;C:\Users\Brendan\AppData\Roaming\npm;C:\Users\Brendan\AppData\Local\Microsoft\WindowsApps;W:\Node\node-v14.15.4-win-x64\node-v14.15.4-win-x64;W:\Microsoft VS Code\bin;W:\mvn\apache-maven-3.8.4\bin;C:\Program Files\mosquitto;C:\ffmpeg\bin;C:\Users\Brendan\go\bin
USERNAME=Brendan
OS=Windows_NT
PROCESSOR_IDENTIFIER=AMD64 Family 23 Model 113 Stepping 0, AuthenticAMD



---------------  S Y S T E M  ---------------

OS:
 Windows 10 , 64 bit Build 19041 (10.0.19041.3031)
OS uptime: 3 days 5:33 hours
Hyper-V role detected

CPU: total 32 (initial active 32) (32 cores per cpu, 2 threads per core) family 23 model 113 stepping 0 microcode 0x0, cx8, cmov, fxsr, ht, mmx, 3dnowpref, sse, sse2, sse3, ssse3, sse4a, sse4.1, sse4.2, popcnt, lzcnt, tsc, tscinvbit, avx, avx2, aes, clmul, bmi1, bmi2, adx, sha, fma, vzeroupper, clflush, clflushopt, hv

Memory: 4k page, system-wide physical 32717M (8600M free)
TotalPageFile size 32717M (AvailPageFile size 448M)
current process WorkingSet (physical memory assigned to process): 11M, peak: 11M
current process commit charge ("private bytes"): 86M, peak: 598M

vm_info: Java HotSpot(TM) 64-Bit Server VM (17.0.1+12-LTS-39) for windows-amd64 JRE (17.0.1+12-LTS-39), built on Sep 27 2021 18:41:35 by "mach5one" with MS VC++ 16.8 (VS2019)

END.
